# JRE version: Java(TM) SE Runtime Environment (8.0_112-b15) (build 1.8.0_112-b15)
# Java VM: Java HotSpot(TM) 64-Bit Server VM (25.112-b15 mixed mode linux-amd64 compressed oops)
Heap:
 PSYoungGen      total 107008K, used 51097K [0x000000076ab00000, 0x0000000773900000, 0x00000007c0000000)
  eden space 92672K, 39% used [0x000000076ab00000,0x000000076ceeb0b0,0x0000000770580000)
  from space 14336K, 99% used [0x0000000772b00000,0x00000007738fb440,0x0000000773900000)
  to   space 17408K, 0% used [0x0000000771700000,0x0000000771700000,0x0000000772800000)
 ParOldGen       total 58880K, used 19441K [0x00000006c0000000, 0x00000006c3980000, 0x000000076ab00000)
  object space 58880K, 33% used [0x00000006c0000000,0x00000006c12fc568,0x00000006c3980000)
 Metaspace       used 48521K, capacity 52412K, committed 52784K, reserved 1095680K
  class space    used 5916K, capacity 7144K, committed 7216K, reserved 1048576K
GC Heap History (10 events):
Event: 16.251 GC heap before
{Heap before GC invocations=4 (full 1):
 PSYoungGen      total 35328K, used 2548K [0x000000076ab00000, 0x000000076f000000, 0x00000007c0000000)
  eden space 32768K, 0% used [0x000000076ab00000,0x000000076ab00000,0x000000076cb00000)
  from space 2560K, 99% used [0x000000076cb00000,0x000000076cd7d158,0x000000076cd80000)
  to   space 2560K, 0% used [0x000000076ed80000,0x000000076ed80000,0x000000076f000000)
 ParOldGen       total 44032K, used 14991K [0x00000006c0000000, 0x00000006c2b00000, 0x000000076ab00000)
  object space 44032K, 34% used [0x00000006c0000000,0x00000006c0ea3c58,0x00000006c2b00000)
 Metaspace       used 19791K, capacity 21206K, committed 21296K, reserved 1069056K
  class space    used 2111K, capacity 2562K, committed 2608K, reserved 1048576K
Event: 16.289 GC heap after
Heap after GC invocations=4 (full 1):
 PSYoungGen      total 35328K, used 0K [0x000000076ab00000, 0x000000076f000000, 0x00000007c0000000)
  eden space 32768K, 0% used [0x000000076ab00000,0x000000076ab00000,0x000000076cb00000)
  from space 2560K, 0% used [0x000000076cb00000,0x000000076cb00000,0x000000076cd80000)
  to   space 2560K, 0% used [0x000000076ed80000,0x000000076ed80000,0x000000076f000000)
 ParOldGen       total 44032K, used 14760K [0x00000006c0000000, 0x00000006c2b00000, 0x000000076ab00000)
  object space 44032K, 33% used [0x00000006c0000000,0x00000006c0e6a2d0,0x00000006c2b00000)
 Metaspace       used 19791K, capacity 21206K, committed 21296K, reserved 1069056K
  class space    used 2111K, capacity 2562K, committed 2608K, reserved 1048576K
}
Event: 17.156 GC heap before
{Heap before GC invocations=5 (full 1):
 PSYoungGen      total 35328K, used 32768K [0x000000076ab00000, 0x000000076f000000, 0x00000007c0000000)
  eden space 32768K, 100% used [0x000000076ab00000,0x000000076cb00000,0x000000076cb00000)
  from space 2560K, 0% used [0x000000076cb00000,0x000000076cb00000,0x000000076cd80000)
  to   space 2560K, 0% used [0x000000076ed80000,0x000000076ed80000,0x000000076f000000)
 ParOldGen       total 44032K, used 14760K [0x00000006c0000000, 0x00000006c2b00000, 0x000000076ab00000)
  object space 44032K, 33% used [0x00000006c0000000,0x00000006c0e6a2d0,0x00000006c2b00000)
 Metaspace       used 29513K, capacity 31908K, committed 32176K, reserved 1077248K
  class space    used 3425K, capacity 4167K, committed 4272K, reserved 1048576K
Event: 17.165 GC heap after
Heap after GC invocations=5 (full 1):
 PSYoungGen      total 64000K, used 2544K [0x000000076ab00000, 0x000000076f000000, 0x00000007c0000000)
  eden space 61440K, 0% used [0x000000076ab00000,0x000000076ab00000,0x000000076e700000)
  from space 2560K, 99% used [0x000000076ed80000,0x000000076effc010,0x000000076f000000)
  to   space 2560K, 0% used [0x000000076eb00000,0x000000076eb00000,0x000000076ed80000)
 ParOldGen       total 44032K, used 24352K [0x00000006c0000000, 0x00000006c2b00000, 0x000000076ab00000)
  object space 44032K, 55% used [0x00000006c0000000,0x00000006c17c8298,0x00000006c2b00000)
 Metaspace       used 29513K, capacity 31908K, committed 32176K, reserved 1077248K
  class space    used 3425K, capacity 4167K, committed 4272K, reserved 1048576K
}
Event: 17.370 GC heap before
{Heap before GC invocations=6 (full 1):
 PSYoungGen      total 64000K, used 14666K [0x000000076ab00000, 0x000000076f000000, 0x00000007c0000000)
  eden space 61440K, 19% used [0x000000076ab00000,0x000000076b6d68d0,0x000000076e700000)
  from space 2560K, 99% used [0x000000076ed80000,0x000000076effc010,0x000000076f000000)
  to   space 2560K, 0% used [0x000000076eb00000,0x000000076eb00000,0x000000076ed80000)
 ParOldGen       total 44032K, used 24352K [0x00000006c0000000, 0x00000006c2b00000, 0x000000076ab00000)
  object space 44032K, 55% used [0x00000006c0000000,0x00000006c17c8298,0x00000006c2b00000)
 Metaspace       used 32630K, capacity 35356K, committed 35496K, reserved 1081344K
  class space    used 3778K, capacity 4593K, committed 4656K, reserved 1048576K
Event: 17.377 GC heap after
Heap after GC invocations=6 (full 1):
 PSYoungGen      total 68096K, used 2540K [0x000000076ab00000, 0x0000000773900000, 0x00000007c0000000)
  eden space 65536K, 0% used [0x000000076ab00000,0x000000076ab00000,0x000000076eb00000)
  from space 2560K, 99% used [0x000000076eb00000,0x000000076ed7b018,0x000000076ed80000)
  to   space 14336K, 0% used [0x0000000772b00000,0x0000000772b00000,0x0000000773900000)
 ParOldGen       total 44032K, used 28747K [0x00000006c0000000, 0x00000006c2b00000, 0x000000076ab00000)
  object space 44032K, 65% used [0x00000006c0000000,0x00000006c1c12ee8,0x00000006c2b00000)
 Metaspace       used 32630K, capacity 35356K, committed 35496K, reserved 1081344K
  class space    used 3778K, capacity 4593K, committed 4656K, reserved 1048576K
}
Event: 17.377 GC heap before
{Heap before GC invocations=7 (full 2):
 PSYoungGen      total 68096K, used 2540K [0x000000076ab00000, 0x0000000773900000, 0x00000007c0000000)
  eden space 65536K, 0% used [0x000000076ab00000,0x000000076ab00000,0x000000076eb00000)
  from space 2560K, 99% used [0x000000076eb00000,0x000000076ed7b018,0x000000076ed80000)
  to   space 14336K, 0% used [0x0000000772b00000,0x0000000772b00000,0x0000000773900000)
 ParOldGen       total 44032K, used 28747K [0x00000006c0000000, 0x00000006c2b00000, 0x000000076ab00000)
  object space 44032K, 65% used [0x00000006c0000000,0x00000006c1c12ee8,0x00000006c2b00000)
 Metaspace       used 32630K, capacity 35356K, committed 35496K, reserved 1081344K
  class space    used 3778K, capacity 4593K, committed 4656K, reserved 1048576K
Event: 17.430 GC heap after
Heap after GC invocations=7 (full 2):
 PSYoungGen      total 68096K, used 0K [0x000000076ab00000, 0x0000000773900000, 0x00000007c0000000)
  eden space 65536K, 0% used [0x000000076ab00000,0x000000076ab00000,0x000000076eb00000)
  from space 2560K, 0% used [0x000000076eb00000,0x000000076eb00000,0x000000076ed80000)
  to   space 14336K, 0% used [0x0000000772b00000,0x0000000772b00000,0x0000000773900000)
 ParOldGen       total 58880K, used 18655K [0x00000006c0000000, 0x00000006c3980000, 0x000000076ab00000)
  object space 58880K, 31% used [0x00000006c0000000,0x00000006c1237ce0,0x00000006c3980000)
 Metaspace       used 32630K, capacity 35356K, committed 35496K, reserved 1081344K
  class space    used 3778K, capacity 4593K, committed 4656K, reserved 1048576K
}
Event: 18.635 GC heap before
{Heap before GC invocations=8 (full 2):
 PSYoungGen      total 68096K, used 65536K [0x000000076ab00000, 0x0000000773900000, 0x00000007c0000000)
  eden space 65536K, 100% used [0x000000076ab00000,0x000000076eb00000,0x000000076eb00000)
  from space 2560K, 0% used [0x000000076eb00000,0x000000076eb00000,0x000000076ed80000)
  to   space 14336K, 0% used [0x0000000772b00000,0x0000000772b00000,0x0000000773900000)
 ParOldGen       total 58880K, used 18655K [0x00000006c0000000, 0x00000006c3980000, 0x000000076ab00000)
  object space 58880K, 31% used [0x00000006c0000000,0x00000006c1237ce0,0x00000006c3980000)
 Metaspace       used 41946K, capacity 45342K, committed 45616K, reserved 1089536K
  class space    used 5009K, capacity 6140K, committed 6192K, reserved 1048576K
Event: 18.646 GC heap after
Heap after GC invocations=8 (full 2):
 PSYoungGen      total 107008K, used 14317K [0x000000076ab00000, 0x0000000773900000, 0x00000007c0000000)
  eden space 92672K, 0% used [0x000000076ab00000,0x000000076ab00000,0x0000000770580000)
  from space 14336K, 99% used [0x0000000772b00000,0x00000007738fb440,0x0000000773900000)
  to   space 17408K, 0% used [0x0000000771700000,0x0000000771700000,0x0000000772800000)
 ParOldGen       total 58880K, used 19441K [0x00000006c0000000, 0x00000006c3980000, 0x000000076ab00000)
  object space 58880K, 33% used [0x00000006c0000000,0x00000006c12fc568,0x00000006c3980000)
 Metaspace       used 41946K, capacity 45342K, committed 45616K, reserved 1089536K
  class space    used 5009K, capacity 6140K, committed 6192K, reserved 1048576K
}

